<?xml version="1.0" encoding="UTF-8"?>
<!-- Generated by org.testng.reporters.JUnitReportReporter -->
<testsuite hostname="SubZero" failures="0" tests="4" name="com.qa.test.DemoTest" time="0.037" errors="0" timestamp="2021-08-01T21:33:22 IST" skipped="0">
  <testcase classname="com.qa.test.DemoTest" name="multi" time="0.002"/>
  <system-out/>
  <testcase classname="com.qa.test.DemoTest" name="sum" time="0.002"/>
  <system-out/>
  <testcase classname="com.qa.test.DemoTest" name="sub" time="0.002"/>
  <system-out/>
  <testcase classname="com.qa.test.DemoTest" name="div" time="0.031"/>
  <system-out/>
</testsuite> <!-- com.qa.test.DemoTest -->
