<?xml version="1.0" encoding="UTF-8"?>
<!-- Generated by org.testng.reporters.JUnitReportReporter -->
<testsuite hostname="SubZero" failures="0" tests="4" name="com.qa.test.DemoTest" time="0.011" errors="0" timestamp="2021-08-02T13:02:01 IST" skipped="0">
  <testcase classname="com.qa.test.DemoTest" name="sum" time="0.000"/>
  <system-out/>
  <testcase classname="com.qa.test.DemoTest" name="multi" time="0.000"/>
  <system-out/>
  <testcase classname="com.qa.test.DemoTest" name="div" time="0.010"/>
  <system-out/>
  <testcase classname="com.qa.test.DemoTest" name="sub" time="0.001"/>
  <system-out/>
</testsuite> <!-- com.qa.test.DemoTest -->
